This is pdfTeXk, Version 3.141592-1.40.3 (Web2C 7.5.6) (format=pdflatex_ml 2008.8.22)  19 MAY 2018 10:12
 %&-line parsing enabled.
**&pdflatex_ml C:/sw55/temp/swp0000.tex
(c:/sw55/temp/swp0000.tex
LaTeX2e <2003/12/01>
Babel <v3.8a> and hyphenation patterns for american, english, french, german, n
german, loaded.
(c:/sw55/TCITeX/tex/latex/base/article.cls
Document Class: article 2004/02/16 v1.4f Standard LaTeX document class
(c:/sw55/TCITeX/tex/latex/base/size10.clo
File: size10.clo 2004/02/16 v1.4f Standard LaTeX file (size option)
)
\c@part=\count79
\c@section=\count80
\c@subsection=\count81
\c@subsubsection=\count82
\c@paragraph=\count83
\c@subparagraph=\count84
\c@figure=\count85
\c@table=\count86
\abovecaptionskip=\skip41
\belowcaptionskip=\skip42
\bibindent=\dimen102
)
(c:/sw55/TCITeX/tex/latex/required/graphics/graphicx.sty
Package: graphicx 1999/02/16 v1.0f Enhanced LaTeX Graphics (DPC,SPQR)

(c:/sw55/TCITeX/tex/latex/required/graphics/keyval.sty
Package: keyval 1999/03/16 v1.13 key=value parser (DPC)
\KV@toks@=\toks14
)
(c:/sw55/TCITeX/tex/latex/required/graphics/graphics.sty
Package: graphics 2001/07/07 v1.0n Standard LaTeX Graphics (DPC,SPQR)

(c:/sw55/TCITeX/tex/latex/required/graphics/trig.sty
Package: trig 1999/03/16 v1.09 sin cos tan (DPC)
)
(c:/sw55/TCITeX/tex/latex/required/graphics/graphics.cfg
File: graphics.cfg 
)
Package graphics Info: Driver file: pdftex.def on input line 80.

(c:/sw55/TCITeX/tex/latex/required/graphics/pdftex.def
File: pdftex.def 2007/01/08 v0.04d Graphics/color for pdfTeX
\Gread@gobject=\count87
))
\Gin@req@height=\dimen103
\Gin@req@width=\dimen104
)
(c:/sw55/TCITeX/tex/latex/amsmath/amsmath.sty
Package: amsmath 2000/07/18 v2.13 AMS math features
\@mathmargin=\skip43

For additional information on amsmath, use the `?' option.
(c:/sw55/TCITeX/tex/latex/amsmath/amstext.sty
Package: amstext 2000/06/29 v2.01

(c:/sw55/TCITeX/tex/latex/amsmath/amsgen.sty
File: amsgen.sty 1999/11/30 v2.0
\@emptytoks=\toks15
\ex@=\dimen105
))
(c:/sw55/TCITeX/tex/latex/amsmath/amsbsy.sty
Package: amsbsy 1999/11/29 v1.2d
\pmbraise@=\dimen106
)
(c:/sw55/TCITeX/tex/latex/amsmath/amsopn.sty
Package: amsopn 1999/12/14 v2.01 operator names
)
\inf@bad=\count88
LaTeX Info: Redefining \frac on input line 211.
\uproot@=\count89
\leftroot@=\count90
LaTeX Info: Redefining \overline on input line 307.
\classnum@=\count91
\DOTSCASE@=\count92
LaTeX Info: Redefining \ldots on input line 379.
LaTeX Info: Redefining \dots on input line 382.
LaTeX Info: Redefining \cdots on input line 467.
\Mathstrutbox@=\box26
\strutbox@=\box27
\big@size=\dimen107
LaTeX Font Info:    Redeclaring font encoding OML on input line 567.
LaTeX Font Info:    Redeclaring font encoding OMS on input line 568.
\macc@depth=\count93
\c@MaxMatrixCols=\count94
\dotsspace@=\muskip10
\c@parentequation=\count95
\dspbrk@lvl=\count96
\tag@help=\toks16
\row@=\count97
\column@=\count98
\maxfields@=\count99
\andhelp@=\toks17
\eqnshift@=\dimen108
\alignsep@=\dimen109
\tagshift@=\dimen110
\tagwidth@=\dimen111
\totwidth@=\dimen112
\lineht@=\dimen113
\@envbody=\toks18
\multlinegap=\skip44
\multlinetaggap=\skip45
\mathdisplay@stack=\toks19
LaTeX Info: Redefining \[ on input line 2666.
LaTeX Info: Redefining \] on input line 2667.
)
\c@theorem=\count100

(c:/sw55/TCITeX/tex/latex/SWmacros/tcilatex.tex
TCILATEX Macros for Scientific Word and Scientific WorkPlace 5.5 <06 Oct 2005>.

NOTICE: This macro file is NOT proprietary and may be freely copied and distrib
uted.
\msipdfoutput=\count101
\@hour=\count102
\@minute=\count103
\GRAPHICSTYPE=\count104
\@msidraft=\count105
\dispkind=\count106
\c@chapter=\count107
\theight=\dimen114
LaTeX Info: Redefining \rm on input line 653.
LaTeX Info: Redefining \sf on input line 654.
LaTeX Info: Redefining \tt on input line 655.
LaTeX Info: Redefining \bf on input line 656.
LaTeX Info: Redefining \it on input line 657.
LaTeX Info: Redefining \sl on input line 658.
LaTeX Info: Redefining \sc on input line 659.
\c@equationnumber=\count108
\temptoksa=\toks20
\temptoksb=\toks21
\temptoksc=\toks22
) (./swp0000.aux)
\openout1 = `swp0000.aux'.

LaTeX Font Info:    Checking defaults for OML/cmm/m/it on input line 43.
LaTeX Font Info:    ... okay on input line 43.
LaTeX Font Info:    Checking defaults for T1/cmr/m/n on input line 43.
LaTeX Font Info:    ... okay on input line 43.
LaTeX Font Info:    Checking defaults for OT1/cmr/m/n on input line 43.
LaTeX Font Info:    ... okay on input line 43.
LaTeX Font Info:    Checking defaults for OMS/cmsy/m/n on input line 43.
LaTeX Font Info:    ... okay on input line 43.
LaTeX Font Info:    Checking defaults for OMX/cmex/m/n on input line 43.
LaTeX Font Info:    ... okay on input line 43.
LaTeX Font Info:    Checking defaults for U/cmr/m/n on input line 43.
LaTeX Font Info:    ... okay on input line 43.
 [1

{c:/sw55/TCITeX/fonts/map/pdftex/pdftex.map}]
Overfull \hbox (35.65529pt too wide) in paragraph at lines 83--88
\T1/cmr/m/n/10 where $[][] \OMS/cmsy/m/n/10 ^^X \OML/cmm/m/it/10 N\OT1/cmr/m/n/
10 (0\OML/cmm/m/it/10 ; \OT1/cmr/m/n/10 ^^F)$\T1/cmr/m/n/10 . De-fine $\OML/cmm
/m/it/10 X[] \OT1/cmr/m/n/10 = \OML/cmm/m/it/10 I[] \OMS/cmsy/m/n/10 
 \OT1/cmr/m/n/10 [1\OML/cmm/m/it/10 ; y[]; [] ; y[]\OT1/cmr/m/n/10 ]$ \T1/cmr/m
/n/10 and $[][] \OT1/cmr/m/n/10 = []([\OML/cmm/m/it/10 a[];  A[];  [] ;  A[]\OT
1/cmr/m/n/10 ][])$
 []

[2] [3]
<C:/sw55/temp/graphics/VAR_TVP_IR__1.pdf, id=22, 405.29117pt x 152.73863pt>
File: C:/sw55/temp/graphics/VAR_TVP_IR__1.pdf Graphic file (type pdf)

<use C:/sw55/temp/graphics/VAR_TVP_IR__1.pdf>
Overfull \hbox (75.00136pt too wide) in paragraph at lines 279--281
[][] 
 []

[4]
<C:/sw55/temp/graphics/VAR_TVP_diff__2.pdf, id=29, 405.34537pt x 152.91127pt>
File: C:/sw55/temp/graphics/VAR_TVP_diff__2.pdf Graphic file (type pdf)

<use C:/sw55/temp/graphics/VAR_TVP_diff__2.pdf>
Overfull \hbox (75.00136pt too wide) in paragraph at lines 298--300
[][] 
 []

[5 <c:/sw55/temp/graphics/VAR_TVP_IR__1.pdf> <c:/sw55/temp/graphics/VAR_TVP_dif
f__2.pdf>] [6]
Overfull \hbox (16.28291pt too wide) in paragraph at lines 479--479
[] 
 []

[7] [8]
<C:/sw55/temp/graphics/VAR_SV__3.pdf, id=51, 405.34537pt x 152.91127pt>
File: C:/sw55/temp/graphics/VAR_SV__3.pdf Graphic file (type pdf)

<use C:/sw55/temp/graphics/VAR_SV__3.pdf>
Overfull \hbox (75.00136pt too wide) in paragraph at lines 572--574
[][] 
 []

[9 <c:/sw55/temp/graphics/VAR_SV__3.pdf>] (./swp0000.aux) ) 
Here is how much of TeX's memory you used:
 1501 strings out of 95101
 16640 string characters out of 1183309
 78247 words of memory out of 1500000
 4610 multiletter control sequences out of 10000+50000
 13467 words of font info for 37 fonts, out of 1200000 for 2000
 22 hyphenation exceptions out of 8191
 27i,18n,20p,370b,246s stack positions out of 5000i,500n,6000p,200000b,5000s
{c:/sw55/TCITeX/font
s/type1/dcti10.enc}<c:/sw55/TCITeX/fonts/truetype/dcti10.ttf>{c:/sw55/TCITeX/fo
nts/type1/dcbxti10.enc}<c:/sw55/TCITeX/fonts/truetype/dcbxti10.ttf>{c:/sw55/TCI
TeX/fonts/type1/cmr5.enc}<c:/sw55/TCITeX/fonts/truetype/cmr5.ttf>{c:/sw55/TCITe
X/fonts/type1/cmmib7.enc}<c:/sw55/TCITeX/fonts/truetype/cmmib7.ttf>{c:/sw55/TCI
TeX/fonts/type1/cmex10.enc}<c:/sw55/TCITeX/fonts/truetype/cmex10.ttf>{c:/sw55/T
CITeX/fonts/type1/cmmi5.enc}<c:/sw55/TCITeX/fonts/truetype/cmmi5.ttf>{c:/sw55/T
CITeX/fonts/type1/cmsy10.enc}<c:/sw55/TCITeX/fonts/truetype/cmsy10.ttf>{c:/sw55
/TCITeX/fonts/type1/cmsy7.enc}<c:/sw55/TCITeX/fonts/truetype/cmsy7.ttf>{c:/sw55
/TCITeX/fonts/type1/cmr7.enc}<c:/sw55/TCITeX/fonts/truetype/cmr7.ttf>{c:/sw55/T
CITeX/fonts/type1/cmr10.enc}<c:/sw55/TCITeX/fonts/truetype/cmr10.ttf>{c:/sw55/T
CITeX/fonts/type1/cmmi7.enc}<c:/sw55/TCITeX/fonts/truetype/cmmi7.ttf>{c:/sw55/T
CITeX/fonts/type1/cmmi10.enc}<c:/sw55/TCITeX/fonts/truetype/cmmi10.ttf>{c:/sw55
/TCITeX/fonts/type1/dcr10.enc}<c:/sw55/TCITeX/fonts/truetype/dcr10.ttf>{c:/sw55
/TCITeX/fonts/type1/dcbx10.enc}<c:/sw55/TCITeX/fonts/truetype/dcbx10.ttf>
Output written on swp0000.pdf (9 pages, 130494 bytes).
PDF statistics:
 103 PDF objects out of 1000 (max. 8388607)
 0 named destinations out of 1000 (max. 131072)
 16 words of extra memory for PDF output out of 10000 (max. 10000000)

